[14:24:29 - AWT-EventQueue-0] [Cooja.java:2855] [INFO] - External tools default settings: /external_tools_linux.config
[14:24:29 - AWT-EventQueue-0] [Cooja.java:2885] [INFO] - External tools user settings: /home/user/.cooja.user.properties
[14:24:41 - AWT-EventQueue-0] [Simulation.java:421] [INFO] - Simulation random seed: 123456
[14:24:41 - AWT-EventQueue-0] [Visualizer.java:256] [INFO] - Registered external visualizer: org.contikios.cooja.plugins.skins.DGRMVisualizerSkin
[14:25:03 - AWT-EventQueue-0] [Cooja.java:4136] [WARN] - Path is not portable: '/home/user/Wireless-Sensor-Network-Project-2017/build/telosb/main.exe
[14:25:29 - AWT-EventQueue-0] [MspMote.java:235] [INFO] - Loading firmware from: /home/user/Wireless-Sensor-Network-Project-2017/build/telosb/main.exe
[14:25:29 - AWT-EventQueue-0] [MspMote.java:235] [INFO] - Loading firmware from: /home/user/Wireless-Sensor-Network-Project-2017/build/telosb/main.exe
[14:25:29 - AWT-EventQueue-0] [MspMote.java:235] [INFO] - Loading firmware from: /home/user/Wireless-Sensor-Network-Project-2017/build/telosb/main.exe
[14:25:29 - AWT-EventQueue-0] [MspMote.java:235] [INFO] - Loading firmware from: /home/user/Wireless-Sensor-Network-Project-2017/build/telosb/main.exe
[14:25:29 - AWT-EventQueue-0] [MspMote.java:235] [INFO] - Loading firmware from: /home/user/Wireless-Sensor-Network-Project-2017/build/telosb/main.exe
[14:25:29 - AWT-EventQueue-0] [MspMote.java:235] [INFO] - Loading firmware from: /home/user/Wireless-Sensor-Network-Project-2017/build/telosb/main.exe
[14:25:29 - AWT-EventQueue-0] [MspMote.java:235] [INFO] - Loading firmware from: /home/user/Wireless-Sensor-Network-Project-2017/build/telosb/main.exe
[14:25:29 - AWT-EventQueue-0] [MspMote.java:235] [INFO] - Loading firmware from: /home/user/Wireless-Sensor-Network-Project-2017/build/telosb/main.exe
[14:25:29 - AWT-EventQueue-0] [MspMote.java:235] [INFO] - Loading firmware from: /home/user/Wireless-Sensor-Network-Project-2017/build/telosb/main.exe
[14:25:29 - AWT-EventQueue-0] [MspMote.java:235] [INFO] - Loading firmware from: /home/user/Wireless-Sensor-Network-Project-2017/build/telosb/main.exe
[14:25:29 - AWT-EventQueue-0] [MspMote.java:235] [INFO] - Loading firmware from: /home/user/Wireless-Sensor-Network-Project-2017/build/telosb/main.exe
[14:25:29 - AWT-EventQueue-0] [MspMote.java:235] [INFO] - Loading firmware from: /home/user/Wireless-Sensor-Network-Project-2017/build/telosb/main.exe
[14:25:29 - AWT-EventQueue-0] [MspMote.java:235] [INFO] - Loading firmware from: /home/user/Wireless-Sensor-Network-Project-2017/build/telosb/main.exe
[14:25:29 - AWT-EventQueue-0] [MspMote.java:235] [INFO] - Loading firmware from: /home/user/Wireless-Sensor-Network-Project-2017/build/telosb/main.exe
[14:25:29 - AWT-EventQueue-0] [MspMote.java:235] [INFO] - Loading firmware from: /home/user/Wireless-Sensor-Network-Project-2017/build/telosb/main.exe
[14:25:29 - AWT-EventQueue-0] [MspMote.java:235] [INFO] - Loading firmware from: /home/user/Wireless-Sensor-Network-Project-2017/build/telosb/main.exe
[14:25:29 - AWT-EventQueue-0] [MspMote.java:235] [INFO] - Loading firmware from: /home/user/Wireless-Sensor-Network-Project-2017/build/telosb/main.exe
[14:25:29 - AWT-EventQueue-0] [MspMote.java:235] [INFO] - Loading firmware from: /home/user/Wireless-Sensor-Network-Project-2017/build/telosb/main.exe
[14:25:29 - AWT-EventQueue-0] [MspMote.java:235] [INFO] - Loading firmware from: /home/user/Wireless-Sensor-Network-Project-2017/build/telosb/main.exe
[14:25:29 - AWT-EventQueue-0] [MspMote.java:235] [INFO] - Loading firmware from: /home/user/Wireless-Sensor-Network-Project-2017/build/telosb/main.exe
[14:25:29 - AWT-EventQueue-0] [MspMote.java:235] [INFO] - Loading firmware from: /home/user/Wireless-Sensor-Network-Project-2017/build/telosb/main.exe
[14:25:29 - AWT-EventQueue-0] [MspMote.java:235] [INFO] - Loading firmware from: /home/user/Wireless-Sensor-Network-Project-2017/build/telosb/main.exe
[14:25:29 - AWT-EventQueue-0] [MspMote.java:235] [INFO] - Loading firmware from: /home/user/Wireless-Sensor-Network-Project-2017/build/telosb/main.exe
[14:25:29 - AWT-EventQueue-0] [MspMote.java:235] [INFO] - Loading firmware from: /home/user/Wireless-Sensor-Network-Project-2017/build/telosb/main.exe
[14:25:30 - AWT-EventQueue-0] [MspMote.java:235] [INFO] - Loading firmware from: /home/user/Wireless-Sensor-Network-Project-2017/build/telosb/main.exe
[14:25:30 - AWT-EventQueue-0] [MspMote.java:235] [INFO] - Loading firmware from: /home/user/Wireless-Sensor-Network-Project-2017/build/telosb/main.exe
[14:25:30 - AWT-EventQueue-0] [MspMote.java:235] [INFO] - Loading firmware from: /home/user/Wireless-Sensor-Network-Project-2017/build/telosb/main.exe
[14:25:30 - AWT-EventQueue-0] [MspMote.java:235] [INFO] - Loading firmware from: /home/user/Wireless-Sensor-Network-Project-2017/build/telosb/main.exe
[14:25:30 - AWT-EventQueue-0] [MspMote.java:235] [INFO] - Loading firmware from: /home/user/Wireless-Sensor-Network-Project-2017/build/telosb/main.exe
[14:25:30 - AWT-EventQueue-0] [MspMote.java:235] [INFO] - Loading firmware from: /home/user/Wireless-Sensor-Network-Project-2017/build/telosb/main.exe
[14:25:54 - AWT-EventQueue-0] [ScriptRunner.java:429] [INFO] - Test script deactivated
[14:26:58 - Thread-5] [Simulation.java:252] [INFO] - Simulation main loop started, system time: 1499344018521
[14:30:28 - Thread-5] [Simulation.java:311] [INFO] - Simulation main loop stopped, system time: 1499344228810	Duration: 210289 ms	Simulated time 2562944 ms	Ratio 12.187722610312475
